{"message":"Listening on port 4000","level":"info"}
{"message":"Connection to database has been established successfully.","level":"info"}
{"message":"Listening on port 4000","level":"info"}
{"message":"Connection to database has been established successfully.","level":"info"}
{"message":"Listening on port 4000","level":"info"}
{"message":"Connection to database has been established successfully.","level":"info"}
{"message":"Listening on port 4000","level":"info"}
{"message":"Connection to database has been established successfully.","level":"info"}
{"message":"Listening on port 4000","level":"info"}
{"message":"Listening on port 4000","level":"info"}
{"message":"Listening on port 4000","level":"info"}
{"message":"Listening on port 4000","level":"info"}
{"message":"Listening on port 4000","level":"info"}
{"message":"Connection to database has been established successfully.","level":"info"}
{"message":"Shutting down...","level":"info"}
{"message":"Shutting down...","level":"info"}
{"message":"Shutting down...","level":"info"}
{"message":"Listening on port 4000","level":"info"}
{"message":"Connection to database has been established successfully.","level":"info"}
{"message":"Shutting down...","level":"info"}
{"message":"Shutting down...","level":"info"}
{"message":"Shutting down...","level":"info"}
{"message":"Listening on port 4000","level":"info"}
{"message":"Connection to database has been established successfully.","level":"info"}
{"message":"Shutting down...","level":"info"}
{"message":"Shutting down...","level":"info"}
{"message":"Shutting down...","level":"info"}
{"message":"Listening on port 4000","level":"info"}
{"message":"Connection to database has been established successfully.","level":"info"}
{"message":"Listening on port 4000","level":"info"}
{"message":"Connection to database has been established successfully.","level":"info"}
{"message":"Shutting down...","level":"info"}
{"message":"Shutting down...","level":"info"}
{"message":"Shutting down...","level":"info"}
{"message":"Listening on port 4000","level":"info"}
{"message":"Connection to database has been established successfully.","level":"info"}
{"message":"Listening on port 4000","level":"info"}
{"message":"Connection to database has been established successfully.","level":"info"}
{"message":"Listening on port 4000","level":"info"}
{"message":"Connection to database has been established successfully.","level":"info"}
{"message":"Listening on port 4000","level":"info"}
{"message":"Connection to database has been established successfully.","level":"info"}
{"message":"Listening on port 4000","level":"info"}
{"message":"Connection to database has been established successfully.","level":"info"}
{"message":"Listening on port 4000","level":"info"}
{"message":"Listening on port 4000","level":"info"}
{"message":"Connection to database has been established successfully.","level":"info"}
{"message":"Listening on port 4000","level":"info"}
{"message":"Connection to database has been established successfully.","level":"info"}
{"message":"Listening on port 4000","level":"info"}
{"message":"Connection to database has been established successfully.","level":"info"}
{"message":"Listening on port 4000","level":"info"}
{"message":"Connection to database has been established successfully.","level":"info"}
{"Advert":{"name":"Advert"},"Company":{"name":"Company"},"level":"warn"}
{"message":"Listening on port 4000","level":"info"}
{"message":"Connection to database has been established successfully.","level":"info"}
{"message":"Listening on port 4000","level":"info"}
{"message":"Connection to database has been established successfully.","level":"info"}
{"message":{"Advert":{"name":"Advert"},"Company":{"name":"Company"}},"level":"info"}
{"message":"Listening on port 4000","level":"info"}
{"message":"Connection to database has been established successfully.","level":"info"}
{"message":"Listening on port 4000","level":"info"}
{"message":"Connection to database has been established successfully.","level":"info"}
{"message":"Listening on port 4000","level":"info"}
{"message":"Connection to database has been established successfully.","level":"info"}
{"message":"Listening on port 4000","level":"info"}
{"message":"Connection to database has been established successfully.","level":"info"}
{"message":"Listening on port 4000","level":"info"}
{"message":"Connection to database has been established successfully.","level":"info"}
{"message":"Listening on port 4000","level":"info"}
{"message":"Listening on port 4000","level":"info"}
{"message":"Connection to database has been established successfully.","level":"info"}
{"message":"Listening on port 4000","level":"info"}
{"message":"Connection to database has been established successfully.","level":"info"}
{"message":"Listening on port 4000","level":"info"}
{"message":"Connection to database has been established successfully.","level":"info"}
{"message":"Listening on port 4000","level":"info"}
{"message":"Connection to database has been established successfully.","level":"info"}
{"message":"Listening on port 4000","level":"info"}
{"message":"Listening on port 4000","level":"info"}
{"message":"Connection to database has been established successfully.","level":"info"}
{"message":"Listening on port 4000","level":"info"}
{"message":"Connection to database has been established successfully.","level":"info"}
{"message":"Listening on port 4000","level":"info"}
{"message":"Connection to database has been established successfully.","level":"info"}
{"message":"Listening on port 4000","level":"info"}
{"message":"Connection to database has been established successfully.","level":"info"}
{"message":"Listening on port 4000","level":"info"}
{"message":"Connection to database has been established successfully.","level":"info"}
